Command line:
   pr_encoder_tb_isim_beh.exe
     -simmode  gui
     -simrunnum  0
     -socket  37797

Mon Sep 21 20:11:37 2020


 Elaboration Time: 0.05 sec

 Current Memory Usage: 196.968 Meg

 Total Signals          : 10
 Total Nets             : 6
 Total Signal Drivers   : 5
 Total Blocks           : 3
 Total Primitive Blocks : 2
 Total Processes        : 5
 Total Traceable Variables  : 8
 Total Scalar Nets and Variables : 366
Total Line Count : 13

 Total Simulation Time: 36.01 sec

 Current Memory Usage: 272.47 Meg

Mon Sep 21 20:17:55 2020

